[debug] [2019-12-27T00:32:35.837Z] ----------------------------------------------------------------------
[debug] [2019-12-27T00:32:35.840Z] Command:       /usr/local/bin/node /usr/local/bin/firebase init
[debug] [2019-12-27T00:32:35.840Z] CLI Version:   7.6.1
[debug] [2019-12-27T00:32:35.840Z] Platform:      darwin
[debug] [2019-12-27T00:32:35.840Z] Node Version:  v10.16.0
[debug] [2019-12-27T00:32:35.841Z] Time:          Fri Dec 27 2019 09:32:35 GMT+0900 (GMT+09:00)
[debug] [2019-12-27T00:32:35.841Z] ----------------------------------------------------------------------
[debug] [2019-12-27T00:32:35.841Z] 
[debug] [2019-12-27T00:32:35.861Z] > command requires scopes: ["email","openid","https://www.googleapis.com/auth/cloudplatformprojects.readonly","https://www.googleapis.com/auth/firebase","https://www.googleapis.com/auth/cloud-platform"]
[debug] [2019-12-27T00:32:35.861Z] > authorizing via signed-in user
[info] 
     ######## #### ########  ######## ########     ###     ######  ########
     ##        ##  ##     ## ##       ##     ##  ##   ##  ##       ##
     ######    ##  ########  ######   ########  #########  ######  ######
     ##        ##  ##    ##  ##       ##     ## ##     ##       ## ##
     ##       #### ##     ## ######## ########  ##     ##  ######  ########

You're about to initialize a Firebase project in this directory:

  /Users/inoue/Desktop/sakana

[info] 
=== Project Setup
[info] 
[info] First, let's associate this project directory with a Firebase project.
[info] You can create multiple project aliases by running firebase use --add, 
[info] but for now we'll just set up a default project.
[info] 
[info] i  If you want to create a project in a Google Cloud organization or folder, please use "firebase projects:create" instead, and return to this command when you've created the project.
[debug] [2019-12-27T00:38:26.863Z] ----------------------------------------------------------------------
[debug] [2019-12-27T00:38:26.865Z] Command:       /usr/local/bin/node /usr/local/bin/firebase init
[debug] [2019-12-27T00:38:26.866Z] CLI Version:   7.6.1
[debug] [2019-12-27T00:38:26.866Z] Platform:      darwin
[debug] [2019-12-27T00:38:26.866Z] Node Version:  v10.16.0
[debug] [2019-12-27T00:38:26.867Z] Time:          Fri Dec 27 2019 09:38:26 GMT+0900 (GMT+09:00)
[debug] [2019-12-27T00:38:26.867Z] ----------------------------------------------------------------------
[debug] [2019-12-27T00:38:26.867Z] 
[debug] [2019-12-27T00:38:26.879Z] > command requires scopes: ["email","openid","https://www.googleapis.com/auth/cloudplatformprojects.readonly","https://www.googleapis.com/auth/firebase","https://www.googleapis.com/auth/cloud-platform"]
[debug] [2019-12-27T00:38:26.879Z] > authorizing via signed-in user
[info] 
     ######## #### ########  ######## ########     ###     ######  ########
     ##        ##  ##     ## ##       ##     ##  ##   ##  ##       ##
     ######    ##  ########  ######   ########  #########  ######  ######
     ##        ##  ##    ##  ##       ##     ## ##     ##       ## ##
     ##       #### ##     ## ######## ########  ##     ##  ######  ########

You're about to initialize a Firebase project in this directory:

  /Users/inoue/Desktop/sakana

[info] 
=== Project Setup
[info] 
[info] First, let's associate this project directory with a Firebase project.
[info] You can create multiple project aliases by running firebase use --add, 
[info] but for now we'll just set up a default project.
[info] 
[debug] [2019-12-27T00:38:41.983Z] > refreshing access token with scopes: ["email","https://www.googleapis.com/auth/cloud-platform","https://www.googleapis.com/auth/cloudplatformprojects.readonly","https://www.googleapis.com/auth/firebase","openid"]
[debug] [2019-12-27T00:38:41.984Z] >>> HTTP REQUEST POST https://www.googleapis.com/oauth2/v3/token  
 <request body omitted>
[debug] [2019-12-27T00:38:42.501Z] <<< HTTP RESPONSE 200
[debug] [2019-12-27T00:38:42.514Z] >>> HTTP REQUEST GET https://firebase.googleapis.com/v1beta1/projects?pageSize=100  
 
[debug] [2019-12-27T00:38:43.766Z] <<< HTTP RESPONSE 200
[info] i  Using project tsumami-sakana (tsumami-sakana)
[info] 
=== Hosting Setup
[info] 
[info] Your public directory is the folder (relative to your project directory) that
[info] will contain Hosting assets to be uploaded with firebase deploy. If you
[info] have a build process for your assets, use your build's output directory.
[info] 
[debug] [2019-12-27T00:38:58.048Z] >>> HTTP REQUEST GET https://www.gstatic.com/firebasejs/releases.json  
 
[debug] [2019-12-27T00:38:58.404Z] <<< HTTP RESPONSE 200
